running egg_info
creating ../../build/rpi_pkg/rpi_pkg.egg-info
writing ../../build/rpi_pkg/rpi_pkg.egg-info/PKG-INFO
writing dependency_links to ../../build/rpi_pkg/rpi_pkg.egg-info/dependency_links.txt
writing entry points to ../../build/rpi_pkg/rpi_pkg.egg-info/entry_points.txt
writing requirements to ../../build/rpi_pkg/rpi_pkg.egg-info/requires.txt
writing top-level names to ../../build/rpi_pkg/rpi_pkg.egg-info/top_level.txt
writing manifest file '../../build/rpi_pkg/rpi_pkg.egg-info/SOURCES.txt'
reading manifest file '../../build/rpi_pkg/rpi_pkg.egg-info/SOURCES.txt'
writing manifest file '../../build/rpi_pkg/rpi_pkg.egg-info/SOURCES.txt'
running build
running build_py
creating /home/coderey/Desktop/SwissCat-on_robot/build/rpi_pkg/build
creating /home/coderey/Desktop/SwissCat-on_robot/build/rpi_pkg/build/lib
creating /home/coderey/Desktop/SwissCat-on_robot/build/rpi_pkg/build/lib/rpi_pkg
copying rpi_pkg/__init__.py -> /home/coderey/Desktop/SwissCat-on_robot/build/rpi_pkg/build/lib/rpi_pkg
copying rpi_pkg/motors.py -> /home/coderey/Desktop/SwissCat-on_robot/build/rpi_pkg/build/lib/rpi_pkg
copying rpi_pkg/cam.py -> /home/coderey/Desktop/SwissCat-on_robot/build/rpi_pkg/build/lib/rpi_pkg
creating /home/coderey/Desktop/SwissCat-on_robot/build/rpi_pkg/build/lib/rpi_pkg/submodules
copying rpi_pkg/submodules/__init__.py -> /home/coderey/Desktop/SwissCat-on_robot/build/rpi_pkg/build/lib/rpi_pkg/submodules
copying rpi_pkg/submodules/detect_aruco.py -> /home/coderey/Desktop/SwissCat-on_robot/build/rpi_pkg/build/lib/rpi_pkg/submodules
running install
running install_lib
creating /home/coderey/Desktop/SwissCat-on_robot/install/rpi_pkg/lib/python3.10/site-packages/rpi_pkg
copying /home/coderey/Desktop/SwissCat-on_robot/build/rpi_pkg/build/lib/rpi_pkg/__init__.py -> /home/coderey/Desktop/SwissCat-on_robot/install/rpi_pkg/lib/python3.10/site-packages/rpi_pkg
copying /home/coderey/Desktop/SwissCat-on_robot/build/rpi_pkg/build/lib/rpi_pkg/motors.py -> /home/coderey/Desktop/SwissCat-on_robot/install/rpi_pkg/lib/python3.10/site-packages/rpi_pkg
creating /home/coderey/Desktop/SwissCat-on_robot/install/rpi_pkg/lib/python3.10/site-packages/rpi_pkg/submodules
copying /home/coderey/Desktop/SwissCat-on_robot/build/rpi_pkg/build/lib/rpi_pkg/submodules/__init__.py -> /home/coderey/Desktop/SwissCat-on_robot/install/rpi_pkg/lib/python3.10/site-packages/rpi_pkg/submodules
copying /home/coderey/Desktop/SwissCat-on_robot/build/rpi_pkg/build/lib/rpi_pkg/submodules/detect_aruco.py -> /home/coderey/Desktop/SwissCat-on_robot/install/rpi_pkg/lib/python3.10/site-packages/rpi_pkg/submodules
copying /home/coderey/Desktop/SwissCat-on_robot/build/rpi_pkg/build/lib/rpi_pkg/cam.py -> /home/coderey/Desktop/SwissCat-on_robot/install/rpi_pkg/lib/python3.10/site-packages/rpi_pkg
byte-compiling /home/coderey/Desktop/SwissCat-on_robot/install/rpi_pkg/lib/python3.10/site-packages/rpi_pkg/__init__.py to __init__.cpython-310.pyc
byte-compiling /home/coderey/Desktop/SwissCat-on_robot/install/rpi_pkg/lib/python3.10/site-packages/rpi_pkg/motors.py to motors.cpython-310.pyc
byte-compiling /home/coderey/Desktop/SwissCat-on_robot/install/rpi_pkg/lib/python3.10/site-packages/rpi_pkg/submodules/__init__.py to __init__.cpython-310.pyc
byte-compiling /home/coderey/Desktop/SwissCat-on_robot/install/rpi_pkg/lib/python3.10/site-packages/rpi_pkg/submodules/detect_aruco.py to detect_aruco.cpython-310.pyc
byte-compiling /home/coderey/Desktop/SwissCat-on_robot/install/rpi_pkg/lib/python3.10/site-packages/rpi_pkg/cam.py to cam.cpython-310.pyc
running install_data
creating /home/coderey/Desktop/SwissCat-on_robot/install/rpi_pkg/share/ament_index
creating /home/coderey/Desktop/SwissCat-on_robot/install/rpi_pkg/share/ament_index/resource_index
creating /home/coderey/Desktop/SwissCat-on_robot/install/rpi_pkg/share/ament_index/resource_index/packages
copying resource/rpi_pkg -> /home/coderey/Desktop/SwissCat-on_robot/install/rpi_pkg/share/ament_index/resource_index/packages
copying package.xml -> /home/coderey/Desktop/SwissCat-on_robot/install/rpi_pkg/share/rpi_pkg
creating /home/coderey/Desktop/SwissCat-on_robot/install/rpi_pkg/share/rpi_pkg/launch
copying launch/rpi.launch.py -> /home/coderey/Desktop/SwissCat-on_robot/install/rpi_pkg/share/rpi_pkg/launch
creating /home/coderey/Desktop/SwissCat-on_robot/install/rpi_pkg/share/rpi_pkg/config
copying config/dist.pkl -> /home/coderey/Desktop/SwissCat-on_robot/install/rpi_pkg/share/rpi_pkg/config
copying config/cameraMatrix.pkl -> /home/coderey/Desktop/SwissCat-on_robot/install/rpi_pkg/share/rpi_pkg/config
copying config/bno055.yaml -> /home/coderey/Desktop/SwissCat-on_robot/install/rpi_pkg/share/rpi_pkg/config
copying config/cam.yaml -> /home/coderey/Desktop/SwissCat-on_robot/install/rpi_pkg/share/rpi_pkg/config
running install_egg_info
Copying ../../build/rpi_pkg/rpi_pkg.egg-info to /home/coderey/Desktop/SwissCat-on_robot/install/rpi_pkg/lib/python3.10/site-packages/rpi_pkg-0.0.0-py3.10.egg-info
running install_scripts
Installing rpi_cam script to /home/coderey/Desktop/SwissCat-on_robot/install/rpi_pkg/lib/rpi_pkg
Installing rpi_motors script to /home/coderey/Desktop/SwissCat-on_robot/install/rpi_pkg/lib/rpi_pkg
writing list of installed files to '/home/coderey/Desktop/SwissCat-on_robot/build/rpi_pkg/install.log'
