[0.829s] Invoking command in '/home/coderey/Desktop/SwissCat-on_robot/src/rpi_pkg': PYTHONPATH=/home/coderey/Desktop/SwissCat-on_robot/build/rpi_pkg/prefix_override:/home/coderey/Desktop/SwissCat-on_robot/install/rpi_pkg/lib/python3.10/site-packages:${PYTHONPATH} /usr/bin/python3 -W ignore:setup.py install is deprecated setup.py egg_info --egg-base ../../build/rpi_pkg build --build-base /home/coderey/Desktop/SwissCat-on_robot/build/rpi_pkg/build install --record /home/coderey/Desktop/SwissCat-on_robot/build/rpi_pkg/install.log --single-version-externally-managed install_data
[1.038s] running egg_info
[1.038s] creating ../../build/rpi_pkg/rpi_pkg.egg-info
[1.039s] writing ../../build/rpi_pkg/rpi_pkg.egg-info/PKG-INFO
[1.039s] writing dependency_links to ../../build/rpi_pkg/rpi_pkg.egg-info/dependency_links.txt
[1.040s] writing entry points to ../../build/rpi_pkg/rpi_pkg.egg-info/entry_points.txt
[1.040s] writing requirements to ../../build/rpi_pkg/rpi_pkg.egg-info/requires.txt
[1.040s] writing top-level names to ../../build/rpi_pkg/rpi_pkg.egg-info/top_level.txt
[1.041s] writing manifest file '../../build/rpi_pkg/rpi_pkg.egg-info/SOURCES.txt'
[1.042s] reading manifest file '../../build/rpi_pkg/rpi_pkg.egg-info/SOURCES.txt'
[1.042s] writing manifest file '../../build/rpi_pkg/rpi_pkg.egg-info/SOURCES.txt'
[1.043s] running build
[1.043s] running build_py
[1.043s] creating /home/coderey/Desktop/SwissCat-on_robot/build/rpi_pkg/build
[1.043s] creating /home/coderey/Desktop/SwissCat-on_robot/build/rpi_pkg/build/lib
[1.043s] creating /home/coderey/Desktop/SwissCat-on_robot/build/rpi_pkg/build/lib/rpi_pkg
[1.043s] copying rpi_pkg/__init__.py -> /home/coderey/Desktop/SwissCat-on_robot/build/rpi_pkg/build/lib/rpi_pkg
[1.043s] copying rpi_pkg/motors.py -> /home/coderey/Desktop/SwissCat-on_robot/build/rpi_pkg/build/lib/rpi_pkg
[1.044s] copying rpi_pkg/cam.py -> /home/coderey/Desktop/SwissCat-on_robot/build/rpi_pkg/build/lib/rpi_pkg
[1.044s] creating /home/coderey/Desktop/SwissCat-on_robot/build/rpi_pkg/build/lib/rpi_pkg/submodules
[1.044s] copying rpi_pkg/submodules/__init__.py -> /home/coderey/Desktop/SwissCat-on_robot/build/rpi_pkg/build/lib/rpi_pkg/submodules
[1.044s] copying rpi_pkg/submodules/detect_aruco.py -> /home/coderey/Desktop/SwissCat-on_robot/build/rpi_pkg/build/lib/rpi_pkg/submodules
[1.044s] running install
[1.044s] running install_lib
[1.045s] creating /home/coderey/Desktop/SwissCat-on_robot/install/rpi_pkg/lib/python3.10/site-packages/rpi_pkg
[1.045s] copying /home/coderey/Desktop/SwissCat-on_robot/build/rpi_pkg/build/lib/rpi_pkg/__init__.py -> /home/coderey/Desktop/SwissCat-on_robot/install/rpi_pkg/lib/python3.10/site-packages/rpi_pkg
[1.045s] copying /home/coderey/Desktop/SwissCat-on_robot/build/rpi_pkg/build/lib/rpi_pkg/motors.py -> /home/coderey/Desktop/SwissCat-on_robot/install/rpi_pkg/lib/python3.10/site-packages/rpi_pkg
[1.045s] creating /home/coderey/Desktop/SwissCat-on_robot/install/rpi_pkg/lib/python3.10/site-packages/rpi_pkg/submodules
[1.045s] copying /home/coderey/Desktop/SwissCat-on_robot/build/rpi_pkg/build/lib/rpi_pkg/submodules/__init__.py -> /home/coderey/Desktop/SwissCat-on_robot/install/rpi_pkg/lib/python3.10/site-packages/rpi_pkg/submodules
[1.045s] copying /home/coderey/Desktop/SwissCat-on_robot/build/rpi_pkg/build/lib/rpi_pkg/submodules/detect_aruco.py -> /home/coderey/Desktop/SwissCat-on_robot/install/rpi_pkg/lib/python3.10/site-packages/rpi_pkg/submodules
[1.046s] copying /home/coderey/Desktop/SwissCat-on_robot/build/rpi_pkg/build/lib/rpi_pkg/cam.py -> /home/coderey/Desktop/SwissCat-on_robot/install/rpi_pkg/lib/python3.10/site-packages/rpi_pkg
[1.046s] byte-compiling /home/coderey/Desktop/SwissCat-on_robot/install/rpi_pkg/lib/python3.10/site-packages/rpi_pkg/__init__.py to __init__.cpython-310.pyc
[1.046s] byte-compiling /home/coderey/Desktop/SwissCat-on_robot/install/rpi_pkg/lib/python3.10/site-packages/rpi_pkg/motors.py to motors.cpython-310.pyc
[1.047s] byte-compiling /home/coderey/Desktop/SwissCat-on_robot/install/rpi_pkg/lib/python3.10/site-packages/rpi_pkg/submodules/__init__.py to __init__.cpython-310.pyc
[1.047s] byte-compiling /home/coderey/Desktop/SwissCat-on_robot/install/rpi_pkg/lib/python3.10/site-packages/rpi_pkg/submodules/detect_aruco.py to detect_aruco.cpython-310.pyc
[1.048s] byte-compiling /home/coderey/Desktop/SwissCat-on_robot/install/rpi_pkg/lib/python3.10/site-packages/rpi_pkg/cam.py to cam.cpython-310.pyc
[1.048s] running install_data
[1.049s] creating /home/coderey/Desktop/SwissCat-on_robot/install/rpi_pkg/share/ament_index
[1.049s] creating /home/coderey/Desktop/SwissCat-on_robot/install/rpi_pkg/share/ament_index/resource_index
[1.049s] creating /home/coderey/Desktop/SwissCat-on_robot/install/rpi_pkg/share/ament_index/resource_index/packages
[1.049s] copying resource/rpi_pkg -> /home/coderey/Desktop/SwissCat-on_robot/install/rpi_pkg/share/ament_index/resource_index/packages
[1.049s] copying package.xml -> /home/coderey/Desktop/SwissCat-on_robot/install/rpi_pkg/share/rpi_pkg
[1.049s] creating /home/coderey/Desktop/SwissCat-on_robot/install/rpi_pkg/share/rpi_pkg/launch
[1.049s] copying launch/rpi.launch.py -> /home/coderey/Desktop/SwissCat-on_robot/install/rpi_pkg/share/rpi_pkg/launch
[1.049s] creating /home/coderey/Desktop/SwissCat-on_robot/install/rpi_pkg/share/rpi_pkg/config
[1.049s] copying config/dist.pkl -> /home/coderey/Desktop/SwissCat-on_robot/install/rpi_pkg/share/rpi_pkg/config
[1.049s] copying config/cameraMatrix.pkl -> /home/coderey/Desktop/SwissCat-on_robot/install/rpi_pkg/share/rpi_pkg/config
[1.050s] copying config/bno055.yaml -> /home/coderey/Desktop/SwissCat-on_robot/install/rpi_pkg/share/rpi_pkg/config
[1.050s] copying config/cam.yaml -> /home/coderey/Desktop/SwissCat-on_robot/install/rpi_pkg/share/rpi_pkg/config
[1.050s] running install_egg_info
[1.051s] Copying ../../build/rpi_pkg/rpi_pkg.egg-info to /home/coderey/Desktop/SwissCat-on_robot/install/rpi_pkg/lib/python3.10/site-packages/rpi_pkg-0.0.0-py3.10.egg-info
[1.052s] running install_scripts
[1.066s] Installing rpi_cam script to /home/coderey/Desktop/SwissCat-on_robot/install/rpi_pkg/lib/rpi_pkg
[1.066s] Installing rpi_motors script to /home/coderey/Desktop/SwissCat-on_robot/install/rpi_pkg/lib/rpi_pkg
[1.066s] writing list of installed files to '/home/coderey/Desktop/SwissCat-on_robot/build/rpi_pkg/install.log'
[1.085s] Invoked command in '/home/coderey/Desktop/SwissCat-on_robot/src/rpi_pkg' returned '0': PYTHONPATH=/home/coderey/Desktop/SwissCat-on_robot/build/rpi_pkg/prefix_override:/home/coderey/Desktop/SwissCat-on_robot/install/rpi_pkg/lib/python3.10/site-packages:${PYTHONPATH} /usr/bin/python3 -W ignore:setup.py install is deprecated setup.py egg_info --egg-base ../../build/rpi_pkg build --build-base /home/coderey/Desktop/SwissCat-on_robot/build/rpi_pkg/build install --record /home/coderey/Desktop/SwissCat-on_robot/build/rpi_pkg/install.log --single-version-externally-managed install_data
