[0.834s] Invoking command in '/home/coderey/Desktop/SwissCat-on_robot/src/bno055': PYTHONPATH=/home/coderey/Desktop/SwissCat-on_robot/build/bno055/prefix_override:/home/coderey/Desktop/SwissCat-on_robot/install/bno055/lib/python3.10/site-packages:${PYTHONPATH} /usr/bin/python3 -W ignore:setup.py install is deprecated setup.py egg_info --egg-base ../../build/bno055 build --build-base /home/coderey/Desktop/SwissCat-on_robot/build/bno055/build install --record /home/coderey/Desktop/SwissCat-on_robot/build/bno055/install.log --single-version-externally-managed install_data
[1.043s] running egg_info
[1.044s] creating ../../build/bno055/bno055.egg-info
[1.044s] writing ../../build/bno055/bno055.egg-info/PKG-INFO
[1.044s] writing dependency_links to ../../build/bno055/bno055.egg-info/dependency_links.txt
[1.044s] writing entry points to ../../build/bno055/bno055.egg-info/entry_points.txt
[1.044s] writing requirements to ../../build/bno055/bno055.egg-info/requires.txt
[1.044s] writing top-level names to ../../build/bno055/bno055.egg-info/top_level.txt
[1.044s] writing manifest file '../../build/bno055/bno055.egg-info/SOURCES.txt'
[1.046s] reading manifest file '../../build/bno055/bno055.egg-info/SOURCES.txt'
[1.046s] adding license file 'LICENSE'
[1.046s] adding license file 'AUTHORS'
[1.047s] writing manifest file '../../build/bno055/bno055.egg-info/SOURCES.txt'
[1.047s] running build
[1.047s] running build_py
[1.047s] creating /home/coderey/Desktop/SwissCat-on_robot/build/bno055/build
[1.047s] creating /home/coderey/Desktop/SwissCat-on_robot/build/bno055/build/lib
[1.049s] creating /home/coderey/Desktop/SwissCat-on_robot/build/bno055/build/lib/bno055
[1.049s] copying bno055/__init__.py -> /home/coderey/Desktop/SwissCat-on_robot/build/bno055/build/lib/bno055
[1.049s] copying bno055/bno055.py -> /home/coderey/Desktop/SwissCat-on_robot/build/bno055/build/lib/bno055
[1.049s] copying bno055/registers.py -> /home/coderey/Desktop/SwissCat-on_robot/build/bno055/build/lib/bno055
[1.049s] creating /home/coderey/Desktop/SwissCat-on_robot/build/bno055/build/lib/bno055/connectors
[1.049s] copying bno055/connectors/__init__.py -> /home/coderey/Desktop/SwissCat-on_robot/build/bno055/build/lib/bno055/connectors
[1.050s] copying bno055/connectors/uart.py -> /home/coderey/Desktop/SwissCat-on_robot/build/bno055/build/lib/bno055/connectors
[1.050s] copying bno055/connectors/Connector.py -> /home/coderey/Desktop/SwissCat-on_robot/build/bno055/build/lib/bno055/connectors
[1.050s] copying bno055/connectors/i2c.py -> /home/coderey/Desktop/SwissCat-on_robot/build/bno055/build/lib/bno055/connectors
[1.050s] creating /home/coderey/Desktop/SwissCat-on_robot/build/bno055/build/lib/bno055/sensor
[1.050s] copying bno055/sensor/__init__.py -> /home/coderey/Desktop/SwissCat-on_robot/build/bno055/build/lib/bno055/sensor
[1.050s] copying bno055/sensor/SensorService.py -> /home/coderey/Desktop/SwissCat-on_robot/build/bno055/build/lib/bno055/sensor
[1.051s] creating /home/coderey/Desktop/SwissCat-on_robot/build/bno055/build/lib/bno055/error_handling
[1.051s] copying bno055/error_handling/__init__.py -> /home/coderey/Desktop/SwissCat-on_robot/build/bno055/build/lib/bno055/error_handling
[1.051s] copying bno055/error_handling/exceptions.py -> /home/coderey/Desktop/SwissCat-on_robot/build/bno055/build/lib/bno055/error_handling
[1.051s] creating /home/coderey/Desktop/SwissCat-on_robot/build/bno055/build/lib/bno055/params
[1.052s] copying bno055/params/__init__.py -> /home/coderey/Desktop/SwissCat-on_robot/build/bno055/build/lib/bno055/params
[1.052s] copying bno055/params/NodeParameters.py -> /home/coderey/Desktop/SwissCat-on_robot/build/bno055/build/lib/bno055/params
[1.052s] running install
[1.052s] running install_lib
[1.053s] creating /home/coderey/Desktop/SwissCat-on_robot/install/bno055/lib/python3.10/site-packages/bno055
[1.053s] copying /home/coderey/Desktop/SwissCat-on_robot/build/bno055/build/lib/bno055/__init__.py -> /home/coderey/Desktop/SwissCat-on_robot/install/bno055/lib/python3.10/site-packages/bno055
[1.053s] creating /home/coderey/Desktop/SwissCat-on_robot/install/bno055/lib/python3.10/site-packages/bno055/connectors
[1.053s] copying /home/coderey/Desktop/SwissCat-on_robot/build/bno055/build/lib/bno055/connectors/__init__.py -> /home/coderey/Desktop/SwissCat-on_robot/install/bno055/lib/python3.10/site-packages/bno055/connectors
[1.054s] copying /home/coderey/Desktop/SwissCat-on_robot/build/bno055/build/lib/bno055/connectors/uart.py -> /home/coderey/Desktop/SwissCat-on_robot/install/bno055/lib/python3.10/site-packages/bno055/connectors
[1.054s] copying /home/coderey/Desktop/SwissCat-on_robot/build/bno055/build/lib/bno055/connectors/Connector.py -> /home/coderey/Desktop/SwissCat-on_robot/install/bno055/lib/python3.10/site-packages/bno055/connectors
[1.054s] copying /home/coderey/Desktop/SwissCat-on_robot/build/bno055/build/lib/bno055/connectors/i2c.py -> /home/coderey/Desktop/SwissCat-on_robot/install/bno055/lib/python3.10/site-packages/bno055/connectors
[1.054s] creating /home/coderey/Desktop/SwissCat-on_robot/install/bno055/lib/python3.10/site-packages/bno055/sensor
[1.054s] copying /home/coderey/Desktop/SwissCat-on_robot/build/bno055/build/lib/bno055/sensor/__init__.py -> /home/coderey/Desktop/SwissCat-on_robot/install/bno055/lib/python3.10/site-packages/bno055/sensor
[1.054s] copying /home/coderey/Desktop/SwissCat-on_robot/build/bno055/build/lib/bno055/sensor/SensorService.py -> /home/coderey/Desktop/SwissCat-on_robot/install/bno055/lib/python3.10/site-packages/bno055/sensor
[1.054s] copying /home/coderey/Desktop/SwissCat-on_robot/build/bno055/build/lib/bno055/registers.py -> /home/coderey/Desktop/SwissCat-on_robot/install/bno055/lib/python3.10/site-packages/bno055
[1.054s] copying /home/coderey/Desktop/SwissCat-on_robot/build/bno055/build/lib/bno055/bno055.py -> /home/coderey/Desktop/SwissCat-on_robot/install/bno055/lib/python3.10/site-packages/bno055
[1.055s] creating /home/coderey/Desktop/SwissCat-on_robot/install/bno055/lib/python3.10/site-packages/bno055/error_handling
[1.055s] copying /home/coderey/Desktop/SwissCat-on_robot/build/bno055/build/lib/bno055/error_handling/__init__.py -> /home/coderey/Desktop/SwissCat-on_robot/install/bno055/lib/python3.10/site-packages/bno055/error_handling
[1.055s] copying /home/coderey/Desktop/SwissCat-on_robot/build/bno055/build/lib/bno055/error_handling/exceptions.py -> /home/coderey/Desktop/SwissCat-on_robot/install/bno055/lib/python3.10/site-packages/bno055/error_handling
[1.055s] creating /home/coderey/Desktop/SwissCat-on_robot/install/bno055/lib/python3.10/site-packages/bno055/params
[1.055s] copying /home/coderey/Desktop/SwissCat-on_robot/build/bno055/build/lib/bno055/params/__init__.py -> /home/coderey/Desktop/SwissCat-on_robot/install/bno055/lib/python3.10/site-packages/bno055/params
[1.055s] copying /home/coderey/Desktop/SwissCat-on_robot/build/bno055/build/lib/bno055/params/NodeParameters.py -> /home/coderey/Desktop/SwissCat-on_robot/install/bno055/lib/python3.10/site-packages/bno055/params
[1.055s] byte-compiling /home/coderey/Desktop/SwissCat-on_robot/install/bno055/lib/python3.10/site-packages/bno055/__init__.py to __init__.cpython-310.pyc
[1.056s] byte-compiling /home/coderey/Desktop/SwissCat-on_robot/install/bno055/lib/python3.10/site-packages/bno055/connectors/__init__.py to __init__.cpython-310.pyc
[1.056s] byte-compiling /home/coderey/Desktop/SwissCat-on_robot/install/bno055/lib/python3.10/site-packages/bno055/connectors/uart.py to uart.cpython-310.pyc
[1.057s] byte-compiling /home/coderey/Desktop/SwissCat-on_robot/install/bno055/lib/python3.10/site-packages/bno055/connectors/Connector.py to Connector.cpython-310.pyc
[1.057s] byte-compiling /home/coderey/Desktop/SwissCat-on_robot/install/bno055/lib/python3.10/site-packages/bno055/connectors/i2c.py to i2c.cpython-310.pyc
[1.057s] byte-compiling /home/coderey/Desktop/SwissCat-on_robot/install/bno055/lib/python3.10/site-packages/bno055/sensor/__init__.py to __init__.cpython-310.pyc
[1.058s] byte-compiling /home/coderey/Desktop/SwissCat-on_robot/install/bno055/lib/python3.10/site-packages/bno055/sensor/SensorService.py to SensorService.cpython-310.pyc
[1.060s] byte-compiling /home/coderey/Desktop/SwissCat-on_robot/install/bno055/lib/python3.10/site-packages/bno055/registers.py to registers.cpython-310.pyc
[1.060s] byte-compiling /home/coderey/Desktop/SwissCat-on_robot/install/bno055/lib/python3.10/site-packages/bno055/bno055.py to bno055.cpython-310.pyc
[1.061s] byte-compiling /home/coderey/Desktop/SwissCat-on_robot/install/bno055/lib/python3.10/site-packages/bno055/error_handling/__init__.py to __init__.cpython-310.pyc
[1.061s] byte-compiling /home/coderey/Desktop/SwissCat-on_robot/install/bno055/lib/python3.10/site-packages/bno055/error_handling/exceptions.py to exceptions.cpython-310.pyc
[1.061s] byte-compiling /home/coderey/Desktop/SwissCat-on_robot/install/bno055/lib/python3.10/site-packages/bno055/params/__init__.py to __init__.cpython-310.pyc
[1.061s] byte-compiling /home/coderey/Desktop/SwissCat-on_robot/install/bno055/lib/python3.10/site-packages/bno055/params/NodeParameters.py to NodeParameters.cpython-310.pyc
[1.062s] running install_data
[1.062s] creating /home/coderey/Desktop/SwissCat-on_robot/install/bno055/share/ament_index
[1.062s] creating /home/coderey/Desktop/SwissCat-on_robot/install/bno055/share/ament_index/resource_index
[1.062s] creating /home/coderey/Desktop/SwissCat-on_robot/install/bno055/share/ament_index/resource_index/packages
[1.063s] copying resource/bno055 -> /home/coderey/Desktop/SwissCat-on_robot/install/bno055/share/ament_index/resource_index/packages
[1.063s] copying package.xml -> /home/coderey/Desktop/SwissCat-on_robot/install/bno055/share/bno055
[1.063s] creating /home/coderey/Desktop/SwissCat-on_robot/install/bno055/share/bno055/launch
[1.063s] copying launch/bno055.launch.py -> /home/coderey/Desktop/SwissCat-on_robot/install/bno055/share/bno055/launch
[1.063s] creating /home/coderey/Desktop/SwissCat-on_robot/install/bno055/share/bno055/config
[1.063s] copying bno055/params/bno055_params_i2c.yaml -> /home/coderey/Desktop/SwissCat-on_robot/install/bno055/share/bno055/config
[1.063s] copying bno055/params/bno055_params_test.yaml -> /home/coderey/Desktop/SwissCat-on_robot/install/bno055/share/bno055/config
[1.063s] copying bno055/params/bno055_params.yaml -> /home/coderey/Desktop/SwissCat-on_robot/install/bno055/share/bno055/config
[1.063s] running install_egg_info
[1.065s] Copying ../../build/bno055/bno055.egg-info to /home/coderey/Desktop/SwissCat-on_robot/install/bno055/lib/python3.10/site-packages/bno055-0.5.0-py3.10.egg-info
[1.065s] running install_scripts
[1.079s] Installing bno055 script to /home/coderey/Desktop/SwissCat-on_robot/install/bno055/lib/bno055
[1.079s] writing list of installed files to '/home/coderey/Desktop/SwissCat-on_robot/build/bno055/install.log'
[1.104s] Invoked command in '/home/coderey/Desktop/SwissCat-on_robot/src/bno055' returned '0': PYTHONPATH=/home/coderey/Desktop/SwissCat-on_robot/build/bno055/prefix_override:/home/coderey/Desktop/SwissCat-on_robot/install/bno055/lib/python3.10/site-packages:${PYTHONPATH} /usr/bin/python3 -W ignore:setup.py install is deprecated setup.py egg_info --egg-base ../../build/bno055 build --build-base /home/coderey/Desktop/SwissCat-on_robot/build/bno055/build install --record /home/coderey/Desktop/SwissCat-on_robot/build/bno055/install.log --single-version-externally-managed install_data
