/home/coderey/Desktop/SwissCat-on_robot/install/rpi_pkg/lib/python3.10/site-packages/rpi_pkg/__init__.py
/home/coderey/Desktop/SwissCat-on_robot/install/rpi_pkg/lib/python3.10/site-packages/rpi_pkg/motors.py
/home/coderey/Desktop/SwissCat-on_robot/install/rpi_pkg/lib/python3.10/site-packages/rpi_pkg/cam.py
/home/coderey/Desktop/SwissCat-on_robot/install/rpi_pkg/lib/python3.10/site-packages/rpi_pkg/submodules/__init__.py
/home/coderey/Desktop/SwissCat-on_robot/install/rpi_pkg/lib/python3.10/site-packages/rpi_pkg/submodules/detect_aruco.py
/home/coderey/Desktop/SwissCat-on_robot/install/rpi_pkg/lib/python3.10/site-packages/rpi_pkg/__pycache__/__init__.cpython-310.pyc
/home/coderey/Desktop/SwissCat-on_robot/install/rpi_pkg/lib/python3.10/site-packages/rpi_pkg/__pycache__/motors.cpython-310.pyc
/home/coderey/Desktop/SwissCat-on_robot/install/rpi_pkg/lib/python3.10/site-packages/rpi_pkg/__pycache__/cam.cpython-310.pyc
/home/coderey/Desktop/SwissCat-on_robot/install/rpi_pkg/lib/python3.10/site-packages/rpi_pkg/submodules/__pycache__/__init__.cpython-310.pyc
/home/coderey/Desktop/SwissCat-on_robot/install/rpi_pkg/lib/python3.10/site-packages/rpi_pkg/submodules/__pycache__/detect_aruco.cpython-310.pyc
/home/coderey/Desktop/SwissCat-on_robot/install/rpi_pkg/share/ament_index/resource_index/packages/rpi_pkg
/home/coderey/Desktop/SwissCat-on_robot/install/rpi_pkg/share/rpi_pkg/package.xml
/home/coderey/Desktop/SwissCat-on_robot/install/rpi_pkg/share/rpi_pkg/launch/rpi.launch.py
/home/coderey/Desktop/SwissCat-on_robot/install/rpi_pkg/share/rpi_pkg/config/dist.pkl
/home/coderey/Desktop/SwissCat-on_robot/install/rpi_pkg/share/rpi_pkg/config/cameraMatrix.pkl
/home/coderey/Desktop/SwissCat-on_robot/install/rpi_pkg/share/rpi_pkg/config/bno055.yaml
/home/coderey/Desktop/SwissCat-on_robot/install/rpi_pkg/share/rpi_pkg/config/cam.yaml
/home/coderey/Desktop/SwissCat-on_robot/install/rpi_pkg/lib/python3.10/site-packages/rpi_pkg-0.0.0-py3.10.egg-info/dependency_links.txt
/home/coderey/Desktop/SwissCat-on_robot/install/rpi_pkg/lib/python3.10/site-packages/rpi_pkg-0.0.0-py3.10.egg-info/SOURCES.txt
/home/coderey/Desktop/SwissCat-on_robot/install/rpi_pkg/lib/python3.10/site-packages/rpi_pkg-0.0.0-py3.10.egg-info/requires.txt
/home/coderey/Desktop/SwissCat-on_robot/install/rpi_pkg/lib/python3.10/site-packages/rpi_pkg-0.0.0-py3.10.egg-info/top_level.txt
/home/coderey/Desktop/SwissCat-on_robot/install/rpi_pkg/lib/python3.10/site-packages/rpi_pkg-0.0.0-py3.10.egg-info/entry_points.txt
/home/coderey/Desktop/SwissCat-on_robot/install/rpi_pkg/lib/python3.10/site-packages/rpi_pkg-0.0.0-py3.10.egg-info/zip-safe
/home/coderey/Desktop/SwissCat-on_robot/install/rpi_pkg/lib/python3.10/site-packages/rpi_pkg-0.0.0-py3.10.egg-info/PKG-INFO
/home/coderey/Desktop/SwissCat-on_robot/install/rpi_pkg/lib/rpi_pkg/rpi_cam
/home/coderey/Desktop/SwissCat-on_robot/install/rpi_pkg/lib/rpi_pkg/rpi_motors
