[0.317s] DEBUG:colcon:Command line arguments: ['/usr/bin/colcon', 'build']
[0.317s] DEBUG:colcon:Parsed command line arguments: Namespace(log_base=None, log_level=None, verb_name='build', build_base='build', install_base='install', merge_install=False, symlink_install=False, test_result_base=None, continue_on_error=False, executor='parallel', parallel_workers=8, event_handlers=None, ignore_user_meta=False, metas=['./colcon.meta'], base_paths=['.'], packages_ignore=None, packages_ignore_regex=None, paths=None, packages_up_to=None, packages_up_to_regex=None, packages_above=None, packages_above_and_dependencies=None, packages_above_depth=None, packages_select_by_dep=None, packages_skip_by_dep=None, packages_skip_up_to=None, packages_select_build_failed=False, packages_skip_build_finished=False, packages_select_test_failures=False, packages_skip_test_passed=False, packages_select=None, packages_skip=None, packages_select_regex=None, packages_skip_regex=None, packages_start=None, packages_end=None, allow_overriding=[], cmake_args=None, cmake_target=None, cmake_target_skip_unavailable=False, cmake_clean_cache=False, cmake_clean_first=False, cmake_force_configure=False, ament_cmake_args=None, catkin_cmake_args=None, catkin_skip_building_tests=False, mixin_files=None, mixin=None, verb_parser=<colcon_mixin.mixin.mixin_argument.MixinArgumentDecorator object at 0x79fc40f652a0>, verb_extension=<colcon_core.verb.build.BuildVerb object at 0x79fc410cf370>, main=<bound method BuildVerb.main of <colcon_core.verb.build.BuildVerb object at 0x79fc410cf370>>, mixin_verb=('build',))
[0.652s] Level 1:colcon.colcon_core.package_discovery:discover_packages(colcon_meta) check parameters
[0.652s] Level 1:colcon.colcon_core.package_discovery:discover_packages(recursive) check parameters
[0.652s] Level 1:colcon.colcon_core.package_discovery:discover_packages(ignore) check parameters
[0.652s] Level 1:colcon.colcon_core.package_discovery:discover_packages(path) check parameters
[0.652s] Level 1:colcon.colcon_core.package_discovery:discover_packages(colcon_meta) discover
[0.652s] Level 1:colcon.colcon_core.package_discovery:discover_packages(recursive) discover
[0.652s] INFO:colcon.colcon_core.package_discovery:Crawling recursively for packages in '/home/coderey/Desktop/SwissCat-on_robot'
[0.652s] Level 1:colcon.colcon_core.package_identification:_identify(.) by extensions ['ignore', 'ignore_ament_install']
[0.652s] Level 1:colcon.colcon_core.package_identification:_identify(.) by extension 'ignore'
[0.652s] Level 1:colcon.colcon_core.package_identification:_identify(.) by extension 'ignore_ament_install'
[0.652s] Level 1:colcon.colcon_core.package_identification:_identify(.) by extensions ['colcon_pkg']
[0.652s] Level 1:colcon.colcon_core.package_identification:_identify(.) by extension 'colcon_pkg'
[0.652s] Level 1:colcon.colcon_core.package_identification:_identify(.) by extensions ['colcon_meta']
[0.652s] Level 1:colcon.colcon_core.package_identification:_identify(.) by extension 'colcon_meta'
[0.652s] Level 1:colcon.colcon_core.package_identification:_identify(.) by extensions ['ros']
[0.652s] Level 1:colcon.colcon_core.package_identification:_identify(.) by extension 'ros'
[0.672s] Level 1:colcon.colcon_core.package_identification:_identify(.) by extensions ['cmake', 'python']
[0.672s] Level 1:colcon.colcon_core.package_identification:_identify(.) by extension 'cmake'
[0.672s] Level 1:colcon.colcon_core.package_identification:_identify(.) by extension 'python'
[0.672s] Level 1:colcon.colcon_core.package_identification:_identify(.) by extensions ['python_setup_py']
[0.672s] Level 1:colcon.colcon_core.package_identification:_identify(.) by extension 'python_setup_py'
[0.672s] Level 1:colcon.colcon_core.package_identification:_identify(build) by extensions ['ignore', 'ignore_ament_install']
[0.672s] Level 1:colcon.colcon_core.package_identification:_identify(build) by extension 'ignore'
[0.672s] Level 1:colcon.colcon_core.package_identification:_identify(build) ignored
[0.672s] Level 1:colcon.colcon_core.package_identification:_identify(build&run_scripts) by extensions ['ignore', 'ignore_ament_install']
[0.672s] Level 1:colcon.colcon_core.package_identification:_identify(build&run_scripts) by extension 'ignore'
[0.672s] Level 1:colcon.colcon_core.package_identification:_identify(build&run_scripts) by extension 'ignore_ament_install'
[0.672s] Level 1:colcon.colcon_core.package_identification:_identify(build&run_scripts) by extensions ['colcon_pkg']
[0.672s] Level 1:colcon.colcon_core.package_identification:_identify(build&run_scripts) by extension 'colcon_pkg'
[0.672s] Level 1:colcon.colcon_core.package_identification:_identify(build&run_scripts) by extensions ['colcon_meta']
[0.672s] Level 1:colcon.colcon_core.package_identification:_identify(build&run_scripts) by extension 'colcon_meta'
[0.672s] Level 1:colcon.colcon_core.package_identification:_identify(build&run_scripts) by extensions ['ros']
[0.672s] Level 1:colcon.colcon_core.package_identification:_identify(build&run_scripts) by extension 'ros'
[0.672s] Level 1:colcon.colcon_core.package_identification:_identify(build&run_scripts) by extensions ['cmake', 'python']
[0.672s] Level 1:colcon.colcon_core.package_identification:_identify(build&run_scripts) by extension 'cmake'
[0.672s] Level 1:colcon.colcon_core.package_identification:_identify(build&run_scripts) by extension 'python'
[0.672s] Level 1:colcon.colcon_core.package_identification:_identify(build&run_scripts) by extensions ['python_setup_py']
[0.672s] Level 1:colcon.colcon_core.package_identification:_identify(build&run_scripts) by extension 'python_setup_py'
[0.672s] Level 1:colcon.colcon_core.package_identification:_identify(install) by extensions ['ignore', 'ignore_ament_install']
[0.672s] Level 1:colcon.colcon_core.package_identification:_identify(install) by extension 'ignore'
[0.672s] Level 1:colcon.colcon_core.package_identification:_identify(install) ignored
[0.672s] Level 1:colcon.colcon_core.package_identification:_identify(log) by extensions ['ignore', 'ignore_ament_install']
[0.672s] Level 1:colcon.colcon_core.package_identification:_identify(log) by extension 'ignore'
[0.672s] Level 1:colcon.colcon_core.package_identification:_identify(log) ignored
[0.672s] Level 1:colcon.colcon_core.package_identification:_identify(src) by extensions ['ignore', 'ignore_ament_install']
[0.673s] Level 1:colcon.colcon_core.package_identification:_identify(src) by extension 'ignore'
[0.673s] Level 1:colcon.colcon_core.package_identification:_identify(src) by extension 'ignore_ament_install'
[0.673s] Level 1:colcon.colcon_core.package_identification:_identify(src) by extensions ['colcon_pkg']
[0.673s] Level 1:colcon.colcon_core.package_identification:_identify(src) by extension 'colcon_pkg'
[0.673s] Level 1:colcon.colcon_core.package_identification:_identify(src) by extensions ['colcon_meta']
[0.673s] Level 1:colcon.colcon_core.package_identification:_identify(src) by extension 'colcon_meta'
[0.673s] Level 1:colcon.colcon_core.package_identification:_identify(src) by extensions ['ros']
[0.673s] Level 1:colcon.colcon_core.package_identification:_identify(src) by extension 'ros'
[0.673s] Level 1:colcon.colcon_core.package_identification:_identify(src) by extensions ['cmake', 'python']
[0.673s] Level 1:colcon.colcon_core.package_identification:_identify(src) by extension 'cmake'
[0.673s] Level 1:colcon.colcon_core.package_identification:_identify(src) by extension 'python'
[0.673s] Level 1:colcon.colcon_core.package_identification:_identify(src) by extensions ['python_setup_py']
[0.673s] Level 1:colcon.colcon_core.package_identification:_identify(src) by extension 'python_setup_py'
[0.673s] Level 1:colcon.colcon_core.package_identification:_identify(src/bno055) by extensions ['ignore', 'ignore_ament_install']
[0.673s] Level 1:colcon.colcon_core.package_identification:_identify(src/bno055) by extension 'ignore'
[0.673s] Level 1:colcon.colcon_core.package_identification:_identify(src/bno055) by extension 'ignore_ament_install'
[0.673s] Level 1:colcon.colcon_core.package_identification:_identify(src/bno055) by extensions ['colcon_pkg']
[0.673s] Level 1:colcon.colcon_core.package_identification:_identify(src/bno055) by extension 'colcon_pkg'
[0.673s] Level 1:colcon.colcon_core.package_identification:_identify(src/bno055) by extensions ['colcon_meta']
[0.673s] Level 1:colcon.colcon_core.package_identification:_identify(src/bno055) by extension 'colcon_meta'
[0.673s] Level 1:colcon.colcon_core.package_identification:_identify(src/bno055) by extensions ['ros']
[0.673s] Level 1:colcon.colcon_core.package_identification:_identify(src/bno055) by extension 'ros'
[0.675s] DEBUG:colcon.colcon_core.package_identification:Package 'src/bno055' with type 'ros.ament_python' and name 'bno055'
[0.676s] Level 1:colcon.colcon_core.package_identification:_identify(src/rpi_pkg) by extensions ['ignore', 'ignore_ament_install']
[0.676s] Level 1:colcon.colcon_core.package_identification:_identify(src/rpi_pkg) by extension 'ignore'
[0.676s] Level 1:colcon.colcon_core.package_identification:_identify(src/rpi_pkg) by extension 'ignore_ament_install'
[0.676s] Level 1:colcon.colcon_core.package_identification:_identify(src/rpi_pkg) by extensions ['colcon_pkg']
[0.676s] Level 1:colcon.colcon_core.package_identification:_identify(src/rpi_pkg) by extension 'colcon_pkg'
[0.676s] Level 1:colcon.colcon_core.package_identification:_identify(src/rpi_pkg) by extensions ['colcon_meta']
[0.676s] Level 1:colcon.colcon_core.package_identification:_identify(src/rpi_pkg) by extension 'colcon_meta'
[0.676s] Level 1:colcon.colcon_core.package_identification:_identify(src/rpi_pkg) by extensions ['ros']
[0.676s] Level 1:colcon.colcon_core.package_identification:_identify(src/rpi_pkg) by extension 'ros'
[0.676s] DEBUG:colcon.colcon_core.package_identification:Package 'src/rpi_pkg' with type 'ros.ament_python' and name 'rpi_pkg'
[0.676s] Level 1:colcon.colcon_core.package_discovery:discover_packages(recursive) using defaults
[0.676s] Level 1:colcon.colcon_core.package_discovery:discover_packages(ignore) discover
[0.676s] Level 1:colcon.colcon_core.package_discovery:discover_packages(ignore) using defaults
[0.676s] Level 1:colcon.colcon_core.package_discovery:discover_packages(path) discover
[0.676s] Level 1:colcon.colcon_core.package_discovery:discover_packages(path) using defaults
[0.712s] Level 1:colcon.colcon_core.package_discovery:discover_packages(prefix_path) check parameters
[0.712s] Level 1:colcon.colcon_core.package_discovery:discover_packages(prefix_path) discover
[0.714s] DEBUG:colcon.colcon_installed_package_information.package_discovery:Found 5 installed packages in /home/coderey/EM_navigation/install
[0.715s] DEBUG:colcon.colcon_installed_package_information.package_discovery:Found 1 installed packages in /home/coderey/Desktop/SwissCat-dev/rpi_cam_ws/install
[0.715s] DEBUG:colcon.colcon_installed_package_information.package_discovery:Found 376 installed packages in /opt/ros/humble
[0.716s] Level 1:colcon.colcon_core.package_discovery:discover_packages(prefix_path) using defaults
[0.744s] Level 5:colcon.colcon_core.verb:set package 'bno055' build argument 'cmake_args' from command line to 'None'
[0.744s] Level 5:colcon.colcon_core.verb:set package 'bno055' build argument 'cmake_target' from command line to 'None'
[0.744s] Level 5:colcon.colcon_core.verb:set package 'bno055' build argument 'cmake_target_skip_unavailable' from command line to 'False'
[0.744s] Level 5:colcon.colcon_core.verb:set package 'bno055' build argument 'cmake_clean_cache' from command line to 'False'
[0.744s] Level 5:colcon.colcon_core.verb:set package 'bno055' build argument 'cmake_clean_first' from command line to 'False'
[0.744s] Level 5:colcon.colcon_core.verb:set package 'bno055' build argument 'cmake_force_configure' from command line to 'False'
[0.744s] Level 5:colcon.colcon_core.verb:set package 'bno055' build argument 'ament_cmake_args' from command line to 'None'
[0.744s] Level 5:colcon.colcon_core.verb:set package 'bno055' build argument 'catkin_cmake_args' from command line to 'None'
[0.744s] Level 5:colcon.colcon_core.verb:set package 'bno055' build argument 'catkin_skip_building_tests' from command line to 'False'
[0.744s] DEBUG:colcon.colcon_core.verb:Building package 'bno055' with the following arguments: {'ament_cmake_args': None, 'build_base': '/home/coderey/Desktop/SwissCat-on_robot/build/bno055', 'catkin_cmake_args': None, 'catkin_skip_building_tests': False, 'cmake_args': None, 'cmake_clean_cache': False, 'cmake_clean_first': False, 'cmake_force_configure': False, 'cmake_target': None, 'cmake_target_skip_unavailable': False, 'install_base': '/home/coderey/Desktop/SwissCat-on_robot/install/bno055', 'merge_install': False, 'path': '/home/coderey/Desktop/SwissCat-on_robot/src/bno055', 'symlink_install': False, 'test_result_base': None}
[0.745s] Level 5:colcon.colcon_core.verb:set package 'rpi_pkg' build argument 'cmake_args' from command line to 'None'
[0.745s] Level 5:colcon.colcon_core.verb:set package 'rpi_pkg' build argument 'cmake_target' from command line to 'None'
[0.745s] Level 5:colcon.colcon_core.verb:set package 'rpi_pkg' build argument 'cmake_target_skip_unavailable' from command line to 'False'
[0.745s] Level 5:colcon.colcon_core.verb:set package 'rpi_pkg' build argument 'cmake_clean_cache' from command line to 'False'
[0.745s] Level 5:colcon.colcon_core.verb:set package 'rpi_pkg' build argument 'cmake_clean_first' from command line to 'False'
[0.745s] Level 5:colcon.colcon_core.verb:set package 'rpi_pkg' build argument 'cmake_force_configure' from command line to 'False'
[0.745s] Level 5:colcon.colcon_core.verb:set package 'rpi_pkg' build argument 'ament_cmake_args' from command line to 'None'
[0.745s] Level 5:colcon.colcon_core.verb:set package 'rpi_pkg' build argument 'catkin_cmake_args' from command line to 'None'
[0.745s] Level 5:colcon.colcon_core.verb:set package 'rpi_pkg' build argument 'catkin_skip_building_tests' from command line to 'False'
[0.745s] DEBUG:colcon.colcon_core.verb:Building package 'rpi_pkg' with the following arguments: {'ament_cmake_args': None, 'build_base': '/home/coderey/Desktop/SwissCat-on_robot/build/rpi_pkg', 'catkin_cmake_args': None, 'catkin_skip_building_tests': False, 'cmake_args': None, 'cmake_clean_cache': False, 'cmake_clean_first': False, 'cmake_force_configure': False, 'cmake_target': None, 'cmake_target_skip_unavailable': False, 'install_base': '/home/coderey/Desktop/SwissCat-on_robot/install/rpi_pkg', 'merge_install': False, 'path': '/home/coderey/Desktop/SwissCat-on_robot/src/rpi_pkg', 'symlink_install': False, 'test_result_base': None}
[0.745s] INFO:colcon.colcon_core.executor:Executing jobs using 'parallel' executor
[0.746s] DEBUG:colcon.colcon_parallel_executor.executor.parallel:run_until_complete
[0.746s] INFO:colcon.colcon_ros.task.ament_python.build:Building ROS package in '/home/coderey/Desktop/SwissCat-on_robot/src/bno055' with build type 'ament_python'
[0.746s] Level 1:colcon.colcon_core.shell:create_environment_hook('bno055', 'ament_prefix_path')
[0.749s] INFO:colcon.colcon_core.plugin_system:Skipping extension 'colcon_core.shell.bat': Not used on non-Windows systems
[0.749s] INFO:colcon.colcon_core.shell:Creating environment hook '/home/coderey/Desktop/SwissCat-on_robot/install/bno055/share/bno055/hook/ament_prefix_path.ps1'
[0.750s] INFO:colcon.colcon_core.shell:Creating environment descriptor '/home/coderey/Desktop/SwissCat-on_robot/install/bno055/share/bno055/hook/ament_prefix_path.dsv'
[0.750s] INFO:colcon.colcon_core.shell:Creating environment hook '/home/coderey/Desktop/SwissCat-on_robot/install/bno055/share/bno055/hook/ament_prefix_path.sh'
[0.751s] INFO:colcon.colcon_core.shell:Skip shell extension 'powershell' for command environment: Not usable outside of PowerShell
[0.751s] DEBUG:colcon.colcon_core.shell:Skip shell extension 'dsv' for command environment
[0.754s] INFO:colcon.colcon_ros.task.ament_python.build:Building ROS package in '/home/coderey/Desktop/SwissCat-on_robot/src/rpi_pkg' with build type 'ament_python'
[0.754s] Level 1:colcon.colcon_core.shell:create_environment_hook('rpi_pkg', 'ament_prefix_path')
[0.754s] INFO:colcon.colcon_core.shell:Creating environment hook '/home/coderey/Desktop/SwissCat-on_robot/install/rpi_pkg/share/rpi_pkg/hook/ament_prefix_path.ps1'
[0.754s] INFO:colcon.colcon_core.shell:Creating environment descriptor '/home/coderey/Desktop/SwissCat-on_robot/install/rpi_pkg/share/rpi_pkg/hook/ament_prefix_path.dsv'
[0.755s] INFO:colcon.colcon_core.shell:Creating environment hook '/home/coderey/Desktop/SwissCat-on_robot/install/rpi_pkg/share/rpi_pkg/hook/ament_prefix_path.sh'
[0.755s] INFO:colcon.colcon_core.shell:Skip shell extension 'powershell' for command environment: Not usable outside of PowerShell
[0.755s] DEBUG:colcon.colcon_core.shell:Skip shell extension 'dsv' for command environment
[0.963s] INFO:colcon.colcon_core.task.python.build:Building Python package in '/home/coderey/Desktop/SwissCat-on_robot/src/bno055'
[0.964s] INFO:colcon.colcon_core.shell:Skip shell extension 'powershell' for command environment: Not usable outside of PowerShell
[0.964s] DEBUG:colcon.colcon_core.shell:Skip shell extension 'dsv' for command environment
[1.170s] INFO:colcon.colcon_core.task.python.build:Building Python package in '/home/coderey/Desktop/SwissCat-on_robot/src/rpi_pkg'
[1.170s] INFO:colcon.colcon_core.shell:Skip shell extension 'powershell' for command environment: Not usable outside of PowerShell
[1.170s] DEBUG:colcon.colcon_core.shell:Skip shell extension 'dsv' for command environment
[1.581s] DEBUG:colcon.colcon_core.event_handler.log_command:Invoking command in '/home/coderey/Desktop/SwissCat-on_robot/src/bno055': PYTHONPATH=/home/coderey/Desktop/SwissCat-on_robot/build/bno055/prefix_override:/home/coderey/Desktop/SwissCat-on_robot/install/bno055/lib/python3.10/site-packages:${PYTHONPATH} /usr/bin/python3 -W ignore:setup.py install is deprecated setup.py egg_info --egg-base ../../build/bno055 build --build-base /home/coderey/Desktop/SwissCat-on_robot/build/bno055/build install --record /home/coderey/Desktop/SwissCat-on_robot/build/bno055/install.log --single-version-externally-managed install_data
[1.584s] DEBUG:colcon.colcon_core.event_handler.log_command:Invoking command in '/home/coderey/Desktop/SwissCat-on_robot/src/rpi_pkg': PYTHONPATH=/home/coderey/Desktop/SwissCat-on_robot/build/rpi_pkg/prefix_override:/home/coderey/Desktop/SwissCat-on_robot/install/rpi_pkg/lib/python3.10/site-packages:${PYTHONPATH} /usr/bin/python3 -W ignore:setup.py install is deprecated setup.py egg_info --egg-base ../../build/rpi_pkg build --build-base /home/coderey/Desktop/SwissCat-on_robot/build/rpi_pkg/build install --record /home/coderey/Desktop/SwissCat-on_robot/build/rpi_pkg/install.log --single-version-externally-managed install_data
[1.840s] DEBUG:colcon.colcon_core.event_handler.log_command:Invoked command in '/home/coderey/Desktop/SwissCat-on_robot/src/rpi_pkg' returned '0': PYTHONPATH=/home/coderey/Desktop/SwissCat-on_robot/build/rpi_pkg/prefix_override:/home/coderey/Desktop/SwissCat-on_robot/install/rpi_pkg/lib/python3.10/site-packages:${PYTHONPATH} /usr/bin/python3 -W ignore:setup.py install is deprecated setup.py egg_info --egg-base ../../build/rpi_pkg build --build-base /home/coderey/Desktop/SwissCat-on_robot/build/rpi_pkg/build install --record /home/coderey/Desktop/SwissCat-on_robot/build/rpi_pkg/install.log --single-version-externally-managed install_data
[1.844s] Level 1:colcon.colcon_core.environment:checking '/home/coderey/Desktop/SwissCat-on_robot/install/rpi_pkg' for CMake module files
[1.844s] Level 1:colcon.colcon_core.environment:checking '/home/coderey/Desktop/SwissCat-on_robot/install/rpi_pkg' for CMake config files
[1.845s] Level 1:colcon.colcon_core.environment:checking '/home/coderey/Desktop/SwissCat-on_robot/install/rpi_pkg/lib'
[1.845s] Level 1:colcon.colcon_core.environment:checking '/home/coderey/Desktop/SwissCat-on_robot/install/rpi_pkg/bin'
[1.845s] Level 1:colcon.colcon_core.environment:checking '/home/coderey/Desktop/SwissCat-on_robot/install/rpi_pkg/lib/pkgconfig/rpi_pkg.pc'
[1.845s] Level 1:colcon.colcon_core.environment:checking '/home/coderey/Desktop/SwissCat-on_robot/install/rpi_pkg/lib/python3.10/site-packages'
[1.845s] Level 1:colcon.colcon_core.shell:create_environment_hook('rpi_pkg', 'pythonpath')
[1.845s] INFO:colcon.colcon_core.shell:Creating environment hook '/home/coderey/Desktop/SwissCat-on_robot/install/rpi_pkg/share/rpi_pkg/hook/pythonpath.ps1'
[1.845s] INFO:colcon.colcon_core.shell:Creating environment descriptor '/home/coderey/Desktop/SwissCat-on_robot/install/rpi_pkg/share/rpi_pkg/hook/pythonpath.dsv'
[1.846s] INFO:colcon.colcon_core.shell:Creating environment hook '/home/coderey/Desktop/SwissCat-on_robot/install/rpi_pkg/share/rpi_pkg/hook/pythonpath.sh'
[1.846s] Level 1:colcon.colcon_core.environment:checking '/home/coderey/Desktop/SwissCat-on_robot/install/rpi_pkg/bin'
[1.846s] Level 1:colcon.colcon_core.environment:create_environment_scripts_only(rpi_pkg)
[1.846s] INFO:colcon.colcon_core.shell:Creating package script '/home/coderey/Desktop/SwissCat-on_robot/install/rpi_pkg/share/rpi_pkg/package.ps1'
[1.847s] INFO:colcon.colcon_core.shell:Creating package descriptor '/home/coderey/Desktop/SwissCat-on_robot/install/rpi_pkg/share/rpi_pkg/package.dsv'
[1.847s] INFO:colcon.colcon_core.shell:Creating package script '/home/coderey/Desktop/SwissCat-on_robot/install/rpi_pkg/share/rpi_pkg/package.sh'
[1.848s] INFO:colcon.colcon_core.shell:Creating package script '/home/coderey/Desktop/SwissCat-on_robot/install/rpi_pkg/share/rpi_pkg/package.bash'
[1.848s] INFO:colcon.colcon_core.shell:Creating package script '/home/coderey/Desktop/SwissCat-on_robot/install/rpi_pkg/share/rpi_pkg/package.zsh'
[1.849s] Level 1:colcon.colcon_core.environment:create_file_with_runtime_dependencies(/home/coderey/Desktop/SwissCat-on_robot/install/rpi_pkg/share/colcon-core/packages/rpi_pkg)
[1.850s] Level 1:colcon.colcon_core.environment:checking '/home/coderey/Desktop/SwissCat-on_robot/install/bno055' for CMake module files
[1.850s] DEBUG:colcon.colcon_core.event_handler.log_command:Invoked command in '/home/coderey/Desktop/SwissCat-on_robot/src/bno055' returned '0': PYTHONPATH=/home/coderey/Desktop/SwissCat-on_robot/build/bno055/prefix_override:/home/coderey/Desktop/SwissCat-on_robot/install/bno055/lib/python3.10/site-packages:${PYTHONPATH} /usr/bin/python3 -W ignore:setup.py install is deprecated setup.py egg_info --egg-base ../../build/bno055 build --build-base /home/coderey/Desktop/SwissCat-on_robot/build/bno055/build install --record /home/coderey/Desktop/SwissCat-on_robot/build/bno055/install.log --single-version-externally-managed install_data
[1.850s] Level 1:colcon.colcon_core.environment:checking '/home/coderey/Desktop/SwissCat-on_robot/install/bno055' for CMake config files
[1.851s] Level 1:colcon.colcon_core.environment:checking '/home/coderey/Desktop/SwissCat-on_robot/install/bno055/lib'
[1.851s] Level 1:colcon.colcon_core.environment:checking '/home/coderey/Desktop/SwissCat-on_robot/install/bno055/bin'
[1.851s] Level 1:colcon.colcon_core.environment:checking '/home/coderey/Desktop/SwissCat-on_robot/install/bno055/lib/pkgconfig/bno055.pc'
[1.851s] Level 1:colcon.colcon_core.environment:checking '/home/coderey/Desktop/SwissCat-on_robot/install/bno055/lib/python3.10/site-packages'
[1.851s] Level 1:colcon.colcon_core.shell:create_environment_hook('bno055', 'pythonpath')
[1.851s] INFO:colcon.colcon_core.shell:Creating environment hook '/home/coderey/Desktop/SwissCat-on_robot/install/bno055/share/bno055/hook/pythonpath.ps1'
[1.851s] INFO:colcon.colcon_core.shell:Creating environment descriptor '/home/coderey/Desktop/SwissCat-on_robot/install/bno055/share/bno055/hook/pythonpath.dsv'
[1.851s] INFO:colcon.colcon_core.shell:Creating environment hook '/home/coderey/Desktop/SwissCat-on_robot/install/bno055/share/bno055/hook/pythonpath.sh'
[1.852s] Level 1:colcon.colcon_core.environment:checking '/home/coderey/Desktop/SwissCat-on_robot/install/bno055/bin'
[1.852s] Level 1:colcon.colcon_core.environment:create_environment_scripts_only(bno055)
[1.852s] INFO:colcon.colcon_core.shell:Creating package script '/home/coderey/Desktop/SwissCat-on_robot/install/bno055/share/bno055/package.ps1'
[1.852s] INFO:colcon.colcon_core.shell:Creating package descriptor '/home/coderey/Desktop/SwissCat-on_robot/install/bno055/share/bno055/package.dsv'
[1.852s] INFO:colcon.colcon_core.shell:Creating package script '/home/coderey/Desktop/SwissCat-on_robot/install/bno055/share/bno055/package.sh'
[1.852s] INFO:colcon.colcon_core.shell:Creating package script '/home/coderey/Desktop/SwissCat-on_robot/install/bno055/share/bno055/package.bash'
[1.852s] INFO:colcon.colcon_core.shell:Creating package script '/home/coderey/Desktop/SwissCat-on_robot/install/bno055/share/bno055/package.zsh'
[1.853s] Level 1:colcon.colcon_core.environment:create_file_with_runtime_dependencies(/home/coderey/Desktop/SwissCat-on_robot/install/bno055/share/colcon-core/packages/bno055)
[1.853s] DEBUG:colcon.colcon_parallel_executor.executor.parallel:closing loop
[1.853s] DEBUG:colcon.colcon_parallel_executor.executor.parallel:loop closed
[1.853s] DEBUG:colcon.colcon_parallel_executor.executor.parallel:run_until_complete finished with '0'
[1.853s] DEBUG:colcon.colcon_core.event_reactor:joining thread
[1.858s] INFO:colcon.colcon_core.plugin_system:Skipping extension 'colcon_notification.desktop_notification.terminal_notifier': Not used on non-Darwin systems
[1.858s] INFO:colcon.colcon_core.plugin_system:Skipping extension 'colcon_notification.desktop_notification.win32': Not used on non-Windows systems
[1.858s] INFO:colcon.colcon_notification.desktop_notification:Sending desktop notification using 'notify2'
[1.871s] DEBUG:colcon.colcon_core.event_reactor:joined thread
[1.871s] INFO:colcon.colcon_core.shell:Creating prefix script '/home/coderey/Desktop/SwissCat-on_robot/install/local_setup.ps1'
[1.872s] INFO:colcon.colcon_core.shell:Creating prefix util module '/home/coderey/Desktop/SwissCat-on_robot/install/_local_setup_util_ps1.py'
[1.873s] INFO:colcon.colcon_core.shell:Creating prefix chain script '/home/coderey/Desktop/SwissCat-on_robot/install/setup.ps1'
[1.874s] INFO:colcon.colcon_core.shell:Creating prefix script '/home/coderey/Desktop/SwissCat-on_robot/install/local_setup.sh'
[1.874s] INFO:colcon.colcon_core.shell:Creating prefix util module '/home/coderey/Desktop/SwissCat-on_robot/install/_local_setup_util_sh.py'
[1.874s] INFO:colcon.colcon_core.shell:Creating prefix chain script '/home/coderey/Desktop/SwissCat-on_robot/install/setup.sh'
[1.875s] INFO:colcon.colcon_core.shell:Creating prefix script '/home/coderey/Desktop/SwissCat-on_robot/install/local_setup.bash'
[1.875s] INFO:colcon.colcon_core.shell:Creating prefix chain script '/home/coderey/Desktop/SwissCat-on_robot/install/setup.bash'
[1.876s] INFO:colcon.colcon_core.shell:Creating prefix script '/home/coderey/Desktop/SwissCat-on_robot/install/local_setup.zsh'
[1.876s] INFO:colcon.colcon_core.shell:Creating prefix chain script '/home/coderey/Desktop/SwissCat-on_robot/install/setup.zsh'
